<?xml version="1.0" encoding="UTF-8"?>
<!-- Generated by org.testng.reporters.JUnitReportReporter -->
<testsuite hostname="SubhransuSSN" failures="0" tests="1" name="com.weatherforcast.testcases.SearchCity" time="16.761" errors="0" timestamp="21 Nov 2020 10:05:54 GMT" skipped="0">
  <testcase classname="com.weatherforcast.testcases.SearchCity" name="searchCity" time="16.761"/>
</testsuite> <!-- com.weatherforcast.testcases.SearchCity -->
