<?xml version="1.0" encoding="UTF-8"?>
<!-- Generated by org.testng.reporters.JUnitReportReporter -->
<testsuite hostname="SubhransuSSN" failures="0" tests="1" name="com.weatherforcast.testcases.CompareTemp" time="18.173" errors="0" timestamp="22 Nov 2020 08:05:16 GMT" skipped="0">
  <testcase classname="com.weatherforcast.testcases.CompareTemp" name="compareTemp" time="18.173"/>
</testsuite> <!-- com.weatherforcast.testcases.CompareTemp -->
