<?xml version="1.0" encoding="UTF-8"?>
<!-- Generated by org.testng.reporters.JUnitReportReporter -->
<testsuite hostname="SubhransuSSN" failures="0" tests="1" name="com.weatherforecast.testcases.SearchCityTemp" time="18.900" errors="0" timestamp="24 Nov 2020 03:54:30 GMT" skipped="0">
  <testcase classname="com.weatherforecast.testcases.SearchCityTemp" name="searchCityTemp" time="18.900"/>
</testsuite> <!-- com.weatherforecast.testcases.SearchCityTemp -->
