<?xml version="1.0" encoding="UTF-8"?>
<!-- Generated by org.testng.reporters.JUnitReportReporter -->
<testsuite hostname="SubhransuSSN" failures="0" tests="1" name="com.weatherforecast.testcases.GetCityTempAPI" time="4.237" errors="0" timestamp="24 Nov 2020 03:54:30 GMT" skipped="0">
  <testcase classname="com.weatherforecast.testcases.GetCityTempAPI" name="getCityTempAPI" time="4.237"/>
</testsuite> <!-- com.weatherforecast.testcases.GetCityTempAPI -->
