<?xml version="1.0" encoding="UTF-8"?>
<!-- Generated by org.testng.reporters.JUnitReportReporter -->
<testsuite hostname="SubhransuSSN" failures="0" tests="3" name="com.weatherforecast.testcases.CompareTemp" time="60.014" errors="0" timestamp="24 Nov 2020 03:54:30 GMT" skipped="0">
  <testcase classname="com.weatherforecast.testcases.CompareTemp" name="compareTemp" time="21.116"/>
  <testcase classname="com.weatherforecast.testcases.CompareTemp" name="compareTemp" time="16.959"/>
  <testcase classname="com.weatherforecast.testcases.CompareTemp" name="compareTemp" time="21.939"/>
</testsuite> <!-- com.weatherforecast.testcases.CompareTemp -->
