<?xml version="1.0" encoding="UTF-8"?>
<!-- Generated by org.testng.reporters.JUnitReportReporter -->
<testsuite hostname="SubhransuSSN" failures="0" tests="1" name="com.weatherforcast.testcases.GetCityTempAPI" time="1.719" errors="0" timestamp="22 Nov 2020 07:30:50 GMT" skipped="0">
  <testcase classname="com.weatherforcast.testcases.GetCityTempAPI" name="getCityTempAPI" time="1.719"/>
</testsuite> <!-- com.weatherforcast.testcases.GetCityTempAPI -->
