<?xml version="1.0" encoding="UTF-8"?>
<!-- Generated by org.testng.reporters.JUnitReportReporter -->
<testsuite hostname="SubhransuSSN" failures="0" tests="1" name="com.weatherforcast.testcases.SearchCityTemp" time="20.422" errors="0" timestamp="21 Nov 2020 17:06:48 GMT" skipped="0">
  <testcase classname="com.weatherforcast.testcases.SearchCityTemp" name="searchCityTemp" time="20.422"/>
</testsuite> <!-- com.weatherforcast.testcases.SearchCityTemp -->
