<?xml version="1.0" encoding="UTF-8"?>
<!-- Generated by org.testng.reporters.JUnitReportReporter -->
<testsuite hostname="SubhransuSSN" failures="0" tests="3" name="com.weatherforecast.testcases.CompareTemp" time="59.194" errors="0" timestamp="25 Nov 2020 04:44:25 GMT" skipped="0">
  <testcase classname="com.weatherforecast.testcases.CompareTemp" name="compareTemp" time="18.879"/>
  <testcase classname="com.weatherforecast.testcases.CompareTemp" name="compareTemp" time="18.697"/>
  <testcase classname="com.weatherforecast.testcases.CompareTemp" name="compareTemp" time="21.618"/>
</testsuite> <!-- com.weatherforecast.testcases.CompareTemp -->
